%YAML 1.1
%TAG !u! tag:unity3d.com,2011:
--- !u!114 &1
MonoBehaviour:
  m_ObjectHideFlags: 52
  m_CorrespondingSourceObject: {fileID: 0}
  m_PrefabInstance: {fileID: 0}
  m_PrefabAsset: {fileID: 0}
  m_GameObject: {fileID: 0}
  m_Enabled: 1
  m_EditorHideFlags: 1
  m_Script: {fileID: 12004, guid: 0000000000000000e000000000000000, type: 0}
  m_Name: 
  m_EditorClassIdentifier: 
  m_PixelRect:
    serializedVersion: 2
    x: 0
    y: 43
    width: 2560
    height: 1357
  m_ShowMode: 4
  m_Title: Scene
  m_RootView: {fileID: 4}
  m_MinSize: {x: 875, y: 300}
  m_MaxSize: {x: 10000, y: 10000}
  m_Maximized: 1
--- !u!114 &2
MonoBehaviour:
  m_ObjectHideFlags: 52
  m_CorrespondingSourceObject: {fileID: 0}
  m_PrefabInstance: {fileID: 0}
  m_PrefabAsset: {fileID: 0}
  m_GameObject: {fileID: 0}
  m_Enabled: 1
  m_EditorHideFlags: 0
  m_Script: {fileID: 12006, guid: 0000000000000000e000000000000000, type: 0}
  m_Name: AnimationWindow
  m_EditorClassIdentifier: 
  m_Children: []
  m_Position:
    serializedVersion: 2
    x: 1140
    y: 0
    width: 867
    height: 490
  m_MinSize: {x: 100, y: 100}
  m_MaxSize: {x: 4000, y: 4000}
  m_ActualView: {fileID: 21}
  m_Panes:
  - {fileID: 21}
  m_Selected: 0
  m_LastSelected: 0
--- !u!114 &3
MonoBehaviour:
  m_ObjectHideFlags: 52
  m_CorrespondingSourceObject: {fileID: 0}
  m_PrefabInstance: {fileID: 0}
  m_PrefabAsset: {fileID: 0}
  m_GameObject: {fileID: 0}
  m_Enabled: 1
  m_EditorHideFlags: 0
  m_Script: {fileID: 12010, guid: 0000000000000000e000000000000000, type: 0}
  m_Name: 
  m_EditorClassIdentifier: 
  m_Children:
  - {fileID: 12}
  - {fileID: 2}
  m_Position:
    serializedVersion: 2
    x: 0
    y: 817
    width: 2007
    height: 490
  m_MinSize: {x: 331, y: 271}
  m_MaxSize: {x: 14001, y: 10021}
  vertical: 0
  controlID: 136
--- !u!114 &4
MonoBehaviour:
  m_ObjectHideFlags: 52
  m_CorrespondingSourceObject: {fileID: 0}
  m_PrefabInstance: {fileID: 0}
  m_PrefabAsset: {fileID: 0}
  m_GameObject: {fileID: 0}
  m_Enabled: 1
  m_EditorHideFlags: 1
  m_Script: {fileID: 12008, guid: 0000000000000000e000000000000000, type: 0}
  m_Name: 
  m_EditorClassIdentifier: 
  m_Children:
  - {fileID: 5}
  - {fileID: 7}
  - {fileID: 6}
  m_Position:
    serializedVersion: 2
    x: 0
    y: 0
    width: 2560
    height: 1357
  m_MinSize: {x: 875, y: 300}
  m_MaxSize: {x: 10000, y: 10000}
  m_UseTopView: 1
  m_TopViewHeight: 30
  m_UseBottomView: 1
  m_BottomViewHeight: 20
--- !u!114 &5
MonoBehaviour:
  m_ObjectHideFlags: 52
  m_CorrespondingSourceObject: {fileID: 0}
  m_PrefabInstance: {fileID: 0}
  m_PrefabAsset: {fileID: 0}
  m_GameObject: {fileID: 0}
  m_Enabled: 1
  m_EditorHideFlags: 1
  m_Script: {fileID: 12011, guid: 0000000000000000e000000000000000, type: 0}
  m_Name: 
  m_EditorClassIdentifier: 
  m_Children: []
  m_Position:
    serializedVersion: 2
    x: 0
    y: 0
    width: 2560
    height: 30
  m_MinSize: {x: 0, y: 0}
  m_MaxSize: {x: 0, y: 0}
  m_LoadedToolbars:
  - {fileID: 23}
  m_MainToolbar: {fileID: 23}
  m_LastLoadedLayoutName: 
--- !u!114 &6
MonoBehaviour:
  m_ObjectHideFlags: 52
  m_CorrespondingSourceObject: {fileID: 0}
  m_PrefabInstance: {fileID: 0}
  m_PrefabAsset: {fileID: 0}
  m_GameObject: {fileID: 0}
  m_Enabled: 1
  m_EditorHideFlags: 1
  m_Script: {fileID: 12042, guid: 0000000000000000e000000000000000, type: 0}
  m_Name: 
  m_EditorClassIdentifier: 
  m_Children: []
  m_Position:
    serializedVersion: 2
    x: 0
    y: 1337
    width: 2560
    height: 20
  m_MinSize: {x: 0, y: 0}
  m_MaxSize: {x: 0, y: 0}
--- !u!114 &7
MonoBehaviour:
  m_ObjectHideFlags: 52
  m_CorrespondingSourceObject: {fileID: 0}
  m_PrefabInstance: {fileID: 0}
  m_PrefabAsset: {fileID: 0}
  m_GameObject: {fileID: 0}
  m_Enabled: 1
  m_EditorHideFlags: 1
  m_Script: {fileID: 12010, guid: 0000000000000000e000000000000000, type: 0}
  m_Name: 
  m_EditorClassIdentifier: 
  m_Children:
  - {fileID: 8}
  - {fileID: 13}
  m_Position:
    serializedVersion: 2
    x: 0
    y: 30
    width: 2560
    height: 1307
  m_MinSize: {x: 503, y: 492}
  m_MaxSize: {x: 18001, y: 14042}
  vertical: 0
  controlID: 129
--- !u!114 &8
MonoBehaviour:
  m_ObjectHideFlags: 52
  m_CorrespondingSourceObject: {fileID: 0}
  m_PrefabInstance: {fileID: 0}
  m_PrefabAsset: {fileID: 0}
  m_GameObject: {fileID: 0}
  m_Enabled: 1
  m_EditorHideFlags: 1
  m_Script: {fileID: 12010, guid: 0000000000000000e000000000000000, type: 0}
  m_Name: 
  m_EditorClassIdentifier: 
  m_Children:
  - {fileID: 9}
  - {fileID: 3}
  m_Position:
    serializedVersion: 2
    x: 0
    y: 0
    width: 2007
    height: 1307
  m_MinSize: {x: 403, y: 492}
  m_MaxSize: {x: 14001, y: 14042}
  vertical: 1
  controlID: 20
--- !u!114 &9
MonoBehaviour:
  m_ObjectHideFlags: 52
  m_CorrespondingSourceObject: {fileID: 0}
  m_PrefabInstance: {fileID: 0}
  m_PrefabAsset: {fileID: 0}
  m_GameObject: {fileID: 0}
  m_Enabled: 1
  m_EditorHideFlags: 1
  m_Script: {fileID: 12010, guid: 0000000000000000e000000000000000, type: 0}
  m_Name: 
  m_EditorClassIdentifier: 
  m_Children:
  - {fileID: 10}
  - {fileID: 11}
  m_Position:
    serializedVersion: 2
    x: 0
    y: 0
    width: 2007
    height: 817
  m_MinSize: {x: 403, y: 221}
  m_MaxSize: {x: 8003, y: 4021}
  vertical: 0
  controlID: 21
--- !u!114 &10
MonoBehaviour:
  m_ObjectHideFlags: 52
  m_CorrespondingSourceObject: {fileID: 0}
  m_PrefabInstance: {fileID: 0}
  m_PrefabAsset: {fileID: 0}
  m_GameObject: {fileID: 0}
  m_Enabled: 1
  m_EditorHideFlags: 1
  m_Script: {fileID: 12006, guid: 0000000000000000e000000000000000, type: 0}
  m_Name: 
  m_EditorClassIdentifier: 
  m_Children: []
  m_Position:
    serializedVersion: 2
    x: 0
    y: 0
    width: 416
    height: 817
  m_MinSize: {x: 201, y: 221}
  m_MaxSize: {x: 4001, y: 4021}
  m_ActualView: {fileID: 15}
  m_Panes:
  - {fileID: 15}
  m_Selected: 0
  m_LastSelected: 0
--- !u!114 &11
MonoBehaviour:
  m_ObjectHideFlags: 52
  m_CorrespondingSourceObject: {fileID: 0}
  m_PrefabInstance: {fileID: 0}
  m_PrefabAsset: {fileID: 0}
  m_GameObject: {fileID: 0}
  m_Enabled: 1
  m_EditorHideFlags: 1
  m_Script: {fileID: 12006, guid: 0000000000000000e000000000000000, type: 0}
  m_Name: SceneView
  m_EditorClassIdentifier: 
  m_Children: []
  m_Position:
    serializedVersion: 2
    x: 416
    y: 0
    width: 1591
    height: 817
  m_MinSize: {x: 202, y: 221}
  m_MaxSize: {x: 4002, y: 4021}
  m_ActualView: {fileID: 14}
  m_Panes:
  - {fileID: 14}
  - {fileID: 16}
  m_Selected: 0
  m_LastSelected: 1
--- !u!114 &12
MonoBehaviour:
  m_ObjectHideFlags: 52
  m_CorrespondingSourceObject: {fileID: 0}
  m_PrefabInstance: {fileID: 0}
  m_PrefabAsset: {fileID: 0}
  m_GameObject: {fileID: 0}
  m_Enabled: 1
  m_EditorHideFlags: 1
  m_Script: {fileID: 12006, guid: 0000000000000000e000000000000000, type: 0}
  m_Name: ProjectBrowser
  m_EditorClassIdentifier: 
  m_Children: []
  m_Position:
    serializedVersion: 2
    x: 0
    y: 0
    width: 1140
    height: 490
  m_MinSize: {x: 231, y: 271}
  m_MaxSize: {x: 10001, y: 10021}
  m_ActualView: {fileID: 17}
  m_Panes:
  - {fileID: 17}
  - {fileID: 18}
  m_Selected: 0
  m_LastSelected: 1
--- !u!114 &13
MonoBehaviour:
  m_ObjectHideFlags: 52
  m_CorrespondingSourceObject: {fileID: 0}
  m_PrefabInstance: {fileID: 0}
  m_PrefabAsset: {fileID: 0}
  m_GameObject: {fileID: 0}
  m_Enabled: 1
  m_EditorHideFlags: 1
  m_Script: {fileID: 12006, guid: 0000000000000000e000000000000000, type: 0}
  m_Name: TestRunnerWindow
  m_EditorClassIdentifier: 
  m_Children: []
  m_Position:
    serializedVersion: 2
    x: 2007
    y: 0
    width: 553
    height: 1307
  m_MinSize: {x: 100, y: 100}
  m_MaxSize: {x: 4000, y: 4000}
  m_ActualView: {fileID: 20}
  m_Panes:
  - {fileID: 19}
  - {fileID: 20}
  - {fileID: 22}
  m_Selected: 1
  m_LastSelected: 0
--- !u!114 &14
MonoBehaviour:
  m_ObjectHideFlags: 52
  m_CorrespondingSourceObject: {fileID: 0}
  m_PrefabInstance: {fileID: 0}
  m_PrefabAsset: {fileID: 0}
  m_GameObject: {fileID: 0}
  m_Enabled: 1
  m_EditorHideFlags: 1
  m_Script: {fileID: 12013, guid: 0000000000000000e000000000000000, type: 0}
  m_Name: 
  m_EditorClassIdentifier: 
  m_MinSize: {x: 200, y: 200}
  m_MaxSize: {x: 4000, y: 4000}
  m_TitleContent:
    m_Text: Scene
    m_Image: {fileID: 2593428753322112591, guid: 0000000000000000d000000000000000, type: 0}
    m_Tooltip: 
  m_Pos:
    serializedVersion: 2
    x: 416
    y: 73
    width: 1589
    height: 796
  m_ViewDataDictionary: {fileID: 0}
  m_ShowContextualTools: 0
  m_WindowGUID: 8fde1c7c9ac16d04fb45d7d761e25119
  m_Gizmos: 1
  m_OverrideSceneCullingMask: 6917529027641081856
  m_SceneIsLit: 1
  m_SceneLighting: 1
  m_2DMode: 1
  m_isRotationLocked: 0
  m_PlayAudio: 0
  m_AudioPlay: 0
  m_Position:
    m_Target: {x: -18.167229, y: 2.3669996, z: 1271.8252}
    speed: 2
    m_Value: {x: -18.167229, y: 2.3669996, z: 1271.8252}
  m_RenderMode: 0
  m_CameraMode:
    drawMode: 0
    name: Shaded
    section: Shading Mode
  m_ValidateTrueMetals: 0
  m_DoValidateTrueMetals: 0
  m_ExposureSliderValue: 0
  m_SceneViewState:
    showFog: 1
    showMaterialUpdate: 0
    showSkybox: 1
    showFlares: 1
    showImageEffects: 1
    showParticleSystems: 1
    showVisualEffectGraphs: 1
    m_FxEnabled: 1
  m_Grid:
    xGrid:
      m_Fade:
        m_Target: 0
        speed: 2
        m_Value: 0
      m_Color: {r: 0.5, g: 0.5, b: 0.5, a: 0.4}
      m_Pivot: {x: 0, y: 0, z: 0}
      m_Size: {x: 0, y: 0}
    yGrid:
      m_Fade:
        m_Target: 0
        speed: 2
        m_Value: 0
      m_Color: {r: 0.5, g: 0.5, b: 0.5, a: 0.4}
      m_Pivot: {x: 0, y: 0, z: 0}
      m_Size: {x: 0, y: 0}
    zGrid:
      m_Fade:
        m_Target: 0
        speed: 2
        m_Value: 0
      m_Color: {r: 0.5, g: 0.5, b: 0.5, a: 0.4}
      m_Pivot: {x: 0, y: 0, z: 0}
      m_Size: {x: 1, y: 1}
    m_ShowGrid: 0
    m_GridAxis: 1
    m_gridOpacity: 0.5
  m_Rotation:
    m_Target: {x: 0, y: 0, z: 0, w: 1}
    speed: 2
    m_Value: {x: 0, y: 0, z: 0, w: 1}
  m_Size:
    m_Target: 26.90702
    speed: 2
    m_Value: 26.90702
  m_Ortho:
    m_Target: 1
    speed: 2
    m_Value: 1
  m_CameraSettings:
    m_Speed: 1
    m_SpeedNormalized: 0.5
    m_SpeedMin: 0.001
    m_SpeedMax: 2
    m_EasingEnabled: 1
    m_EasingDuration: 0.4
    m_AccelerationEnabled: 1
    m_FieldOfViewHorizontalOrVertical: 60
    m_NearClip: 0.03
    m_FarClip: 10000
    m_DynamicClip: 1
    m_OcclusionCulling: 0
  m_LastSceneViewRotation: {x: -0.08717229, y: 0.89959055, z: -0.21045254, w: -0.3726226}
  m_LastSceneViewOrtho: 0
  m_ReplacementShader: {fileID: 0}
  m_ReplacementString: 
  m_SceneVisActive: 1
  m_LastLockedObject: {fileID: 0}
  m_ViewIsLockedToObject: 0
--- !u!114 &15
MonoBehaviour:
  m_ObjectHideFlags: 52
  m_CorrespondingSourceObject: {fileID: 0}
  m_PrefabInstance: {fileID: 0}
  m_PrefabAsset: {fileID: 0}
  m_GameObject: {fileID: 0}
  m_Enabled: 1
  m_EditorHideFlags: 1
  m_Script: {fileID: 12061, guid: 0000000000000000e000000000000000, type: 0}
  m_Name: 
  m_EditorClassIdentifier: 
  m_MinSize: {x: 200, y: 200}
  m_MaxSize: {x: 4000, y: 4000}
  m_TitleContent:
    m_Text: Hierarchy
    m_Image: {fileID: 7966133145522015247, guid: 0000000000000000d000000000000000, type: 0}
    m_Tooltip: 
  m_Pos:
    serializedVersion: 2
    x: 0
    y: 73
    width: 415
    height: 796
  m_ViewDataDictionary: {fileID: 0}
  m_SceneHierarchy:
    m_TreeViewState:
      scrollPos: {x: 0, y: 0}
      m_SelectedIDs: 
      m_LastClickedID: 0
      m_ExpandedIDs: 1842ffff3242ffffda93ffff509bffff369cffff509cffffdaeeffff9eefffffb8efffffbef9ffff5cfbffff
      m_RenameOverlay:
        m_UserAcceptedRename: 0
        m_Name: 
        m_OriginalName: 
        m_EditFieldRect:
          serializedVersion: 2
          x: 0
          y: 0
          width: 0
          height: 0
        m_UserData: 0
        m_IsWaitingForDelay: 0
        m_IsRenaming: 0
        m_OriginalEventType: 11
        m_IsRenamingFilename: 0
        m_ClientGUIView: {fileID: 10}
      m_SearchString: 
    m_ExpandedScenes: []
    m_CurrenRootInstanceID: 0
    m_LockTracker:
      m_IsLocked: 0
    m_CurrentSortingName: TransformSorting
  m_WindowGUID: b8c0478367d084f4490c2edf623b0f98
--- !u!114 &16
MonoBehaviour:
  m_ObjectHideFlags: 52
  m_CorrespondingSourceObject: {fileID: 0}
  m_PrefabInstance: {fileID: 0}
  m_PrefabAsset: {fileID: 0}
  m_GameObject: {fileID: 0}
  m_Enabled: 1
  m_EditorHideFlags: 1
  m_Script: {fileID: 12015, guid: 0000000000000000e000000000000000, type: 0}
  m_Name: 
  m_EditorClassIdentifier: 
  m_MinSize: {x: 200, y: 200}
  m_MaxSize: {x: 4000, y: 4000}
  m_TitleContent:
    m_Text: Game
    m_Image: {fileID: -6423792434712278376, guid: 0000000000000000d000000000000000, type: 0}
    m_Tooltip: 
  m_Pos:
    serializedVersion: 2
    x: 416
    y: 73
    width: 1589
    height: 796
  m_ViewDataDictionary: {fileID: 0}
  m_SerializedViewNames: []
  m_SerializedViewValues: []
  m_PlayModeViewName: GameView
  m_ShowGizmos: 0
  m_TargetDisplay: 0
  m_ClearColor: {r: 0, g: 0, b: 0, a: 0}
  m_TargetSize: {x: 1589, y: 775}
  m_TextureFilterMode: 0
  m_TextureHideFlags: 61
  m_RenderIMGUI: 1
  m_MaximizeOnPlay: 0
  m_UseMipMap: 0
  m_VSyncEnabled: 0
  m_Gizmos: 0
  m_Stats: 0
  m_SelectedSizes: 00000000000000000000000000000000000000000000000000000000000000000000000000000000
  m_ZoomArea:
    m_HRangeLocked: 0
    m_VRangeLocked: 0
    hZoomLockedByDefault: 0
    vZoomLockedByDefault: 0
    m_HBaseRangeMin: -794.5
    m_HBaseRangeMax: 794.5
    m_VBaseRangeMin: -387.5
    m_VBaseRangeMax: 387.5
    m_HAllowExceedBaseRangeMin: 1
    m_HAllowExceedBaseRangeMax: 1
    m_VAllowExceedBaseRangeMin: 1
    m_VAllowExceedBaseRangeMax: 1
    m_ScaleWithWindow: 0
    m_HSlider: 0
    m_VSlider: 0
    m_IgnoreScrollWheelUntilClicked: 0
    m_EnableMouseInput: 0
    m_EnableSliderZoomHorizontal: 0
    m_EnableSliderZoomVertical: 0
    m_UniformScale: 1
    m_UpDirection: 1
    m_DrawArea:
      serializedVersion: 2
      x: 0
      y: 21
      width: 1589
      height: 775
    m_Scale: {x: 1, y: 1}
    m_Translation: {x: 794.5, y: 387.5}
    m_MarginLeft: 0
    m_MarginRight: 0
    m_MarginTop: 0
    m_MarginBottom: 0
    m_LastShownAreaInsideMargins:
      serializedVersion: 2
      x: -794.5
      y: -387.5
      width: 1589
      height: 775
    m_MinimalGUI: 1
  m_defaultScale: 1
  m_LastWindowPixelSize: {x: 1589, y: 796}
  m_ClearInEditMode: 1
  m_NoCameraWarning: 1
  m_LowResolutionForAspectRatios: 01000000000000000000
  m_XRRenderMode: 0
  m_RenderTexture: {fileID: 0}
--- !u!114 &17
MonoBehaviour:
  m_ObjectHideFlags: 52
  m_CorrespondingSourceObject: {fileID: 0}
  m_PrefabInstance: {fileID: 0}
  m_PrefabAsset: {fileID: 0}
  m_GameObject: {fileID: 0}
  m_Enabled: 1
  m_EditorHideFlags: 1
  m_Script: {fileID: 12014, guid: 0000000000000000e000000000000000, type: 0}
  m_Name: 
  m_EditorClassIdentifier: 
  m_MinSize: {x: 230, y: 250}
  m_MaxSize: {x: 10000, y: 10000}
  m_TitleContent:
    m_Text: Project
    m_Image: {fileID: -5467254957812901981, guid: 0000000000000000d000000000000000, type: 0}
    m_Tooltip: 
  m_Pos:
    serializedVersion: 2
    x: 0
    y: 890
    width: 1139
    height: 469
  m_ViewDataDictionary: {fileID: 0}
  m_SearchFilter:
    m_NameFilter: 
    m_ClassNames: []
    m_AssetLabels: []
    m_AssetBundleNames: []
    m_VersionControlStates: []
    m_SoftLockControlStates: []
    m_ReferencingInstanceIDs: 
    m_SceneHandles: 
    m_ShowAllHits: 0
    m_SkipHidden: 0
    m_SearchArea: 1
    m_Folders:
    - Assets/Scenes
    m_Globs: []
  m_ViewMode: 1
  m_StartGridSize: 64
  m_LastFolders:
  - Assets/Scenes
  m_LastFoldersGridSize: -1
  m_LastProjectPath: C:\Users\Justin\Desktop\NewClone\SuperVandalWorld\SuperVandalWorld
  m_LockTracker:
    m_IsLocked: 0
  m_FolderTreeState:
    scrollPos: {x: 0, y: 263}
    m_SelectedIDs: 583d0000
    m_LastClickedID: 15704
    m_ExpandedIDs: 00000000163d0000183d00001a3d00001c3d00001e3d0000203d0000223d0000243d0000263d0000283d0000543d000000ca9a3b
    m_RenameOverlay:
      m_UserAcceptedRename: 0
      m_Name: 
      m_OriginalName: 
      m_EditFieldRect:
        serializedVersion: 2
        x: 0
        y: 0
        width: 0
        height: 0
      m_UserData: 0
      m_IsWaitingForDelay: 0
      m_IsRenaming: 0
      m_OriginalEventType: 11
      m_IsRenamingFilename: 1
      m_ClientGUIView: {fileID: 12}
    m_SearchString: 
    m_CreateAssetUtility:
      m_EndAction: {fileID: 0}
      m_InstanceID: 0
      m_Path: 
      m_Icon: {fileID: 0}
      m_ResourceFile: 
  m_AssetTreeState:
    scrollPos: {x: 0, y: 0}
    m_SelectedIDs: 
    m_LastClickedID: 0
    m_ExpandedIDs: 00000000163d0000183d00001a3d00001c3d00001e3d0000203d0000223d0000243d0000263d0000283d0000
    m_RenameOverlay:
      m_UserAcceptedRename: 0
      m_Name: 
      m_OriginalName: 
      m_EditFieldRect:
        serializedVersion: 2
        x: 0
        y: 0
        width: 0
        height: 0
      m_UserData: 0
      m_IsWaitingForDelay: 0
      m_IsRenaming: 0
      m_OriginalEventType: 11
      m_IsRenamingFilename: 1
      m_ClientGUIView: {fileID: 0}
    m_SearchString: 
    m_CreateAssetUtility:
      m_EndAction: {fileID: 0}
      m_InstanceID: 0
      m_Path: 
      m_Icon: {fileID: 0}
      m_ResourceFile: 
  m_ListAreaState:
    m_SelectedInstanceIDs: 
    m_LastClickedInstanceID: 0
    m_HadKeyboardFocusLastEvent: 1
    m_ExpandedInstanceIDs: c6230000a4430000ae3f0000b83c00007e4600007246000064430000383d0000f43c0000e0e00000f8e00000fce0000000e1000004e10000f4e00000
    m_RenameOverlay:
      m_UserAcceptedRename: 0
      m_Name: 
      m_OriginalName: 
      m_EditFieldRect:
        serializedVersion: 2
        x: 0
        y: 0
        width: 0
        height: 0
      m_UserData: 0
      m_IsWaitingForDelay: 0
      m_IsRenaming: 0
      m_OriginalEventType: 11
      m_IsRenamingFilename: 1
      m_ClientGUIView: {fileID: 12}
    m_CreateAssetUtility:
      m_EndAction: {fileID: 0}
      m_InstanceID: 0
      m_Path: 
      m_Icon: {fileID: 0}
      m_ResourceFile: 
    m_NewAssetIndexInList: -1
    m_ScrollPosition: {x: 0, y: 0}
    m_GridSize: 64
  m_SkipHiddenPackages: 0
  m_DirectoriesAreaWidth: 271
--- !u!114 &18
MonoBehaviour:
  m_ObjectHideFlags: 52
  m_CorrespondingSourceObject: {fileID: 0}
  m_PrefabInstance: {fileID: 0}
  m_PrefabAsset: {fileID: 0}
  m_GameObject: {fileID: 0}
  m_Enabled: 1
  m_EditorHideFlags: 1
  m_Script: {fileID: 12003, guid: 0000000000000000e000000000000000, type: 0}
  m_Name: 
  m_EditorClassIdentifier: 
  m_MinSize: {x: 100, y: 100}
  m_MaxSize: {x: 4000, y: 4000}
  m_TitleContent:
    m_Text: Console
    m_Image: {fileID: -4327648978806127646, guid: 0000000000000000d000000000000000, type: 0}
    m_Tooltip: 
  m_Pos:
    serializedVersion: 2
    x: 0
    y: 528
    width: 1128
    height: 250
  m_ViewDataDictionary: {fileID: 0}
--- !u!114 &19
MonoBehaviour:
  m_ObjectHideFlags: 52
  m_CorrespondingSourceObject: {fileID: 0}
  m_PrefabInstance: {fileID: 0}
  m_PrefabAsset: {fileID: 0}
  m_GameObject: {fileID: 0}
  m_Enabled: 1
  m_EditorHideFlags: 1
  m_Script: {fileID: 12019, guid: 0000000000000000e000000000000000, type: 0}
  m_Name: 
  m_EditorClassIdentifier: 
  m_MinSize: {x: 275, y: 50}
  m_MaxSize: {x: 4000, y: 4000}
  m_TitleContent:
    m_Text: Inspector
    m_Image: {fileID: -2667387946076563598, guid: 0000000000000000d000000000000000, type: 0}
    m_Tooltip: 
  m_Pos:
    serializedVersion: 2
    x: 2007
    y: 73
    width: 552
    height: 1286
  m_ViewDataDictionary: {fileID: 0}
  m_ObjectsLockedBeforeSerialization: []
  m_InstanceIDsLockedBeforeSerialization: 
  m_PreviewResizer:
    m_CachedPref: -160
    m_ControlHash: -371814159
    m_PrefName: Preview_InspectorPreview
  m_LastInspectedObjectInstanceID: -1
  m_LastVerticalScrollValue: 0
  m_AssetGUID: 
  m_InstanceID: 0
  m_LockTracker:
    m_IsLocked: 0
  m_PreviewWindow: {fileID: 0}
--- !u!114 &20
MonoBehaviour:
  m_ObjectHideFlags: 52
  m_CorrespondingSourceObject: {fileID: 0}
  m_PrefabInstance: {fileID: 0}
  m_PrefabAsset: {fileID: 0}
  m_GameObject: {fileID: 0}
  m_Enabled: 1
  m_EditorHideFlags: 0
  m_Script: {fileID: 13401, guid: 0000000000000000e000000000000000, type: 0}
  m_Name: 
  m_EditorClassIdentifier: 
  m_MinSize: {x: 100, y: 100}
  m_MaxSize: {x: 4000, y: 4000}
  m_TitleContent:
    m_Text: Test Runner
    m_Image: {fileID: 0}
    m_Tooltip: 
  m_Pos:
    serializedVersion: 2
    x: 2007
    y: 73
    width: 552
    height: 1286
  m_ViewDataDictionary: {fileID: 0}
  m_Spl:
    ID: 224
    splitterInitialOffset: 516
    currentActiveSplitter: -1
    realSizes:
    - 711
    - 505
    relativeSizes:
    - 0.58498025
    - 0.41501975
    minSizes:
    - 32
    - 32
    maxSizes:
    - 0
    - 0
    lastTotalSize: 1216
    splitSize: 6
    xOffset: 0
    m_Version: 1
    oldRealSizes: 
    oldMinSizes: 
    oldMaxSizes: 
    oldSplitSize: 0
  m_TestTypeToolbarIndex: 0
  m_PlayModeTestListGUI:
    m_Window: {fileID: 20}
    newResultList:
    - id: 1003
      uniqueId: '[SuperVandalWorld][suite]'
      name: SuperVandalWorld
      fullName: SuperVandalWorld
      resultStatus: 2
      duration: 31.507517
      messages: One or more child tests had errors
      output: 
      stacktrace: 
      notRunnable: 0
      ignoredOrSkipped: 0
      description: 
      isSuite: 1
      categories: []
      parentId: 
      parentUniqueId: 
    - id: 1029
      uniqueId: '[Tests.dll][suite]'
      name: Tests.dll
      fullName: C:/Users/adave/Documents/GitHub/SuperVandalWorld/SuperVandalWorld/Library/ScriptAssemblies/Tests.dll
      resultStatus: 2
      duration: 31.484997
      messages: One or more child tests had errors
      output: 
      stacktrace: 
      notRunnable: 0
      ignoredOrSkipped: 0
      description: 
      isSuite: 1
      categories: []
      parentId: 1000
      parentUniqueId: '[SuperVandalWorld][suite]'
    - id: 1030
      uniqueId: Tests.dll/[Tests][suite]
      name: Tests
      fullName: Tests
      resultStatus: 2
      duration: 31.473429
      messages: One or more child tests had errors
      output: 
      stacktrace: 
      notRunnable: 0
      ignoredOrSkipped: 0
      description: 
      isSuite: 1
      categories: []
      parentId: 1029
      parentUniqueId: '[Tests.dll][suite]'
    - id: 1017
      uniqueId: Tests.dll/Tests/[Tests][Tests.CameraTest][suite]
      name: CameraTest
      fullName: Tests.CameraTest
      resultStatus: 0
      duration: 0.5842875
      messages: 
      output: 
      stacktrace: 
      notRunnable: 0
      ignoredOrSkipped: 0
      description: 
      isSuite: 1
      categories: []
      parentId: 1030
      parentUniqueId: Tests.dll/[Tests][suite]
    - id: 1018
      uniqueId: Tests.dll/Tests/CameraTest/[Tests][Tests.CameraTest.Camera_Set_To_Follow_Player]
      name: Camera_Set_To_Follow_Player
      fullName: Tests.CameraTest.Camera_Set_To_Follow_Player
      resultStatus: 0
      duration: 0.468685
      messages: 
      output: 'Player (UnityEngine.GameObject)

        Player (UnityEngine.GameObject)

'
      stacktrace: 
      notRunnable: 0
      ignoredOrSkipped: 0
      description: 
      isSuite: 0
      categories:
      - Uncategorized
      parentId: 1017
      parentUniqueId: Tests.dll/Tests/[Tests][Tests.CameraTest][suite]
    - id: 1021
      uniqueId: Tests.dll/Tests/CameraTest/[Tests][Tests.CameraTest.Camera_Speed_Set]
      name: Camera_Speed_Set
      fullName: Tests.CameraTest.Camera_Speed_Set
      resultStatus: 0
      duration: 0.0319529
      messages: 
      output: '10

'
      stacktrace: 
      notRunnable: 0
      ignoredOrSkipped: 0
      description: 
      isSuite: 0
      categories:
      - Uncategorized
      parentId: 1017
      parentUniqueId: Tests.dll/Tests/[Tests][Tests.CameraTest][suite]
    - id: 1019
      uniqueId: Tests.dll/Tests/CameraTest/[Tests][Tests.CameraTest.Camera_X_Offset_Set]
      name: Camera_X_Offset_Set
      fullName: Tests.CameraTest.Camera_X_Offset_Set
      resultStatus: 0
      duration: 0.0297921
      messages: 
      output: '45

'
      stacktrace: 
      notRunnable: 0
      ignoredOrSkipped: 0
      description: 
      isSuite: 0
      categories:
      - Uncategorized
      parentId: 1017
      parentUniqueId: Tests.dll/Tests/[Tests][Tests.CameraTest][suite]
    - id: 1020
      uniqueId: Tests.dll/Tests/CameraTest/[Tests][Tests.CameraTest.Camera_Y_Offset_Set]
      name: Camera_Y_Offset_Set
      fullName: Tests.CameraTest.Camera_Y_Offset_Set
      resultStatus: 0
      duration: 0.0230324
      messages: 
      output: '25

'
      stacktrace: 
      notRunnable: 0
      ignoredOrSkipped: 0
      description: 
      isSuite: 0
      categories:
      - Uncategorized
      parentId: 1017
      parentUniqueId: Tests.dll/Tests/[Tests][Tests.CameraTest][suite]
    - id: 1014
      uniqueId: Tests.dll/Tests/[Tests][Tests.CharacterMovementTests][suite]
      name: CharacterMovementTests
      fullName: Tests.CharacterMovementTests
      resultStatus: 0
      duration: 42.923355
      messages: One or more child tests had errors
      output: 
      stacktrace: 
      notRunnable: 0
      ignoredOrSkipped: 0
      description: 
      isSuite: 1
      categories: []
      parentId: 1030
      parentUniqueId: Tests.dll/[Tests][suite]
    - id: 1016
      uniqueId: Tests.dll/Tests/CharacterMovementTests/[Tests][Tests.CharacterMovementTests.jump_stress_test]
      name: jump_stress_test
      fullName: Tests.CharacterMovementTests.jump_stress_test
      resultStatus: 2
      duration: 0
      messages: Cancelled by user
      output: 'Jumping

        Jump force = 15

        Jumping

        Jump force
        = 150

        Jumping

        Jump force = 1500

        Jumping

        Jump
        force = 15000

        Jumping

        Jump force = 150000

        Jumping

        Jump
        force = 1500000

        Jumping

        Jump force = 1.5E+07

        Jumping

        Jump
        force = 1.5E+08

        Jumping

        Jump force = 1.5E+09

        Jumping

        Jump
        force = 1.5E+10

        Jumping

        Jump force = 1.5E+11

        Jumping

        Jump
        force = 1.5E+12

        Jumping

        Jump force = 1.5E+13

        Jumping

        Jump
        force = 1.5E+14

        Jumping

        Jump force = 1.5E+15

        Jumping

        Jump
        force = 1.5E+16

        Jumping

        Jump force = 1.5E+17

        Jumping

        Jump
        force = 1.5E+18

        Jumping

        Jump force = 1.5E+19

        Jumping

        Jump
        force = 1.5E+20

'
      stacktrace: 
      notRunnable: 0
      ignoredOrSkipped: 0
      description: 
      isSuite: 0
      categories:
      - Uncategorized
      parentId: 1012
      parentUniqueId: Tests.dll/Tests/[Tests][Tests.CharacterMovementTests][suite]
    - id: 1015
      uniqueId: Tests.dll/Tests/CharacterMovementTests/[Tests][Tests.CharacterMovementTests.jump_test]
      name: jump_test
      fullName: Tests.CharacterMovementTests.jump_test
      resultStatus: 0
      duration: 0
      messages: Cancelled by user
      output: 'Jumping

'
      stacktrace: 
      notRunnable: 0
      ignoredOrSkipped: 0
      description: 
      isSuite: 0
      categories:
      - Uncategorized
      parentId: 1014
      parentUniqueId: Tests.dll/Tests/[Tests][Tests.CharacterMovementTests][suite]
    - id: 1017
      uniqueId: Tests.dll/Tests/CharacterMovementTests/[Tests][Tests.CharacterMovementTests.movement_test_left]
      name: movement_test_left
      fullName: Tests.CharacterMovementTests.movement_test_left
      resultStatus: 0
      duration: 4.884236
      messages: 
      output: 
      stacktrace: 
      notRunnable: 0
      ignoredOrSkipped: 0
      description: 
      isSuite: 0
      categories:
      - Uncategorized
      parentId: 1014
      parentUniqueId: Tests.dll/Tests/[Tests][Tests.CharacterMovementTests][suite]
    - id: 1016
      uniqueId: Tests.dll/Tests/CharacterMovementTests/[Tests][Tests.CharacterMovementTests.movement_test_right]
      name: movement_test_right
      fullName: Tests.CharacterMovementTests.movement_test_right
      resultStatus: 0
      duration: 3.979295
      messages: 
      output: 
      stacktrace: 
      notRunnable: 0
      ignoredOrSkipped: 0
      description: 
      isSuite: 0
      categories:
      - Uncategorized
      parentId: 1014
      parentUniqueId: Tests.dll/Tests/[Tests][Tests.CharacterMovementTests][suite]
    - id: 1005
      uniqueId: Tests.dll/Tests/[Tests][Tests.daEnemyTest][suite]
      name: daEnemyTest
      fullName: Tests.daEnemyTest
      resultStatus: 1
      duration: 16.315878
      messages: 
      output: 
      stacktrace: 
      notRunnable: 0
      ignoredOrSkipped: 0
      description: 
      isSuite: 1
      categories: []
      parentId: 1030
      parentUniqueId: Tests.dll/[Tests][suite]
    - id: 1006
      uniqueId: Tests.dll/Tests/daEnemyTest/[Tests][Tests.daEnemyTest.enemySpeedIsSet]
      name: enemySpeedIsSet
      fullName: Tests.daEnemyTest.enemySpeedIsSet
      resultStatus: 0
      duration: 1.2463764
      messages: 
      output: 
      stacktrace: 
      notRunnable: 0
      ignoredOrSkipped: 0
      description: 
      isSuite: 0
      categories:
      - Uncategorized
      parentId: 1005
      parentUniqueId: Tests.dll/Tests/[Tests][Tests.daEnemyTest][suite]
    - id: 1009
      uniqueId: Tests.dll/Tests/daEnemyTest/[Tests][Tests.daEnemyTest.enemyStressTest]
      name: enemyStressTest
      fullName: Tests.daEnemyTest.enemyStressTest
      resultStatus: 1
      duration: 16.295616
      messages: 
      output: 
      stacktrace: 
      notRunnable: 0
      ignoredOrSkipped: 0
      description: 
      isSuite: 0
      categories:
      - Uncategorized
      parentId: 1005
      parentUniqueId: Tests.dll/Tests/[Tests][Tests.daEnemyTest][suite]
    - id: 1007
      uniqueId: Tests.dll/Tests/daEnemyTest/[Tests][Tests.daEnemyTest.isEnemyMoving]
      name: isEnemyMoving
      fullName: Tests.daEnemyTest.isEnemyMoving
      resultStatus: 0
      duration: 1.0353906
      messages: 
      output: 
      stacktrace: 
      notRunnable: 0
      ignoredOrSkipped: 0
      description: 
      isSuite: 0
      categories:
      - Uncategorized
      parentId: 1005
      parentUniqueId: Tests.dll/Tests/[Tests][Tests.daEnemyTest][suite]
    - id: 1008
      uniqueId: Tests.dll/Tests/daEnemyTest/[Tests][Tests.daEnemyTest.movingTowardsPlayer]
      name: movingTowardsPlayer
      fullName: Tests.daEnemyTest.movingTowardsPlayer
      resultStatus: 0
      duration: 2.047557
      messages: 
      output: 
      stacktrace: 
      notRunnable: 0
      ignoredOrSkipped: 0
      description: 
      isSuite: 0
      categories:
      - Uncategorized
      parentId: 1005
      parentUniqueId: Tests.dll/Tests/[Tests][Tests.daEnemyTest][suite]
    - id: 1027
      uniqueId: Tests.dll/Tests/[Tests][Tests.FallThroughFloorStress][suite]
      name: FallThroughFloorStress
      fullName: Tests.FallThroughFloorStress
      resultStatus: 2
      duration: 65.28144
      messages: One or more child tests had errors
      output: 
      stacktrace: 
      notRunnable: 0
      ignoredOrSkipped: 0
      description: 
      isSuite: 1
      categories: []
      parentId: 1041
      parentUniqueId: Tests.dll/[Tests][suite]
    - id: 1028
      uniqueId: Tests.dll/Tests/FallThroughFloorStress/[Tests][Tests.FallThroughFloorStress.FallThroughFloorStressTest]
      name: FallThroughFloorStressTest
      fullName: Tests.FallThroughFloorStress.FallThroughFloorStressTest
      resultStatus: 2
      duration: 65.151886
      messages: "  Expected: True\r\n  But was:  False\r\n"
      output: 'Failed at 80 Platform speed

        Player falls through Ground
        at 80 Platform speed

'
      stacktrace: 'at Tests.FallThroughFloorStress+<FallThroughFloorStressTest>d__3.MoveNext
        () [0x001c9] in C:\Users\Justin\Desktop\NewClone\SuperVandalWorld\SuperVandalWorld\Assets\tst\Justin\FallThroughFloorStress.cs:85

        at
        UnityEngine.TestTools.TestEnumerator+<Execute>d__5.MoveNext () [0x00038]
        in C:\Users\Justin\Desktop\NewClone\SuperVandalWorld\SuperVandalWorld\Library\PackageCache\com.unity.test-framework@1.1.16\UnityEngine.TestRunner\NUnitExtensions\Attributes\TestEnumerator.cs:31

'
      notRunnable: 0
      ignoredOrSkipped: 0
      description: 
      isSuite: 0
      categories:
      - Uncategorized
      parentId: 1027
      parentUniqueId: Tests.dll/Tests/[Tests][Tests.FallThroughFloorStress][suite]
    - id: 1024
      uniqueId: Tests.dll/Tests/[Tests][Tests.MovingPlatformStressTest][suite]
      name: MovingPlatformStressTest
      fullName: Tests.MovingPlatformStressTest
      resultStatus: 2
      duration: 31.47023
      messages: One or more child tests had errors
      output: 
      stacktrace: 
      notRunnable: 0
      ignoredOrSkipped: 0
      description: 
      isSuite: 1
      categories: []
      parentId: 1036
      parentUniqueId: Tests.dll/[Tests][suite]
    - id: 1025
      uniqueId: Tests.dll/Tests/MovingPlatformStressTest/[Tests][Tests.MovingPlatformStressTest.MovingPlatformNumberStressTest]
      name: MovingPlatformNumberStressTest
      fullName: Tests.MovingPlatformStressTest.MovingPlatformNumberStressTest
      resultStatus: 2
      duration: 31.451283
      messages: "  Expected: 1024\r\n  But was:  344\r\n"
      output: 'Failed at 344 Moving Rock Platforms

        Current FPS = 26.27776

'
      stacktrace: 'at Tests.MovingPlatformStressTest+<MovingPlatformNumberStressTest>d__3.MoveNext
        () [0x0025c] in C:\Users\Justin\Desktop\NewClone\SuperVandalWorld\SuperVandalWorld\Assets\tst\Justin\MovingPlatformStressTest.cs:97

        at
        UnityEngine.TestTools.TestEnumerator+<Execute>d__5.MoveNext () [0x00038]
        in C:\Users\Justin\Desktop\NewClone\SuperVandalWorld\SuperVandalWorld\Library\PackageCache\com.unity.test-framework@1.1.16\UnityEngine.TestRunner\NUnitExtensions\Attributes\TestEnumerator.cs:31

'
      notRunnable: 0
      ignoredOrSkipped: 0
      description: 
      isSuite: 0
      categories:
      - Uncategorized
      parentId: 1024
      parentUniqueId: Tests.dll/Tests/[Tests][Tests.MovingPlatformStressTest][suite]
    - id: 1024
      uniqueId: Tests.dll/Tests/[Tests][Tests.pickupPointTest][suite]
      name: pickupPointTest
      fullName: Tests.pickupPointTest
      resultStatus: 0
      duration: 0.2942329
      messages: One or more child tests had errors
      output: 'There are no audio listeners in the scene. Please ensure there is
        always one audio listener in the scene

        MissingComponentException:
        There is no ''Rigidbody2D'' attached to the "Missing Prefab (Dummy)" game
        object, but a script is trying to access it.

        You probably need to
        add a Rigidbody2D to the game object "Missing Prefab (Dummy)". Or your script
        needs to check if the component is attached before using it.

'
      stacktrace: 
      notRunnable: 0
      ignoredOrSkipped: 0
      description: 
      isSuite: 1
      categories: []
      parentId: 1030
      parentUniqueId: Tests.dll/[Tests][suite]
    - id: 1028
      uniqueId: Tests.dll/Tests/pickupPointTest/[Tests][Tests.pickupPointTest.AddPointsForItemsBeforePowerUps]
      name: AddPointsForItemsBeforePowerUps
      fullName: Tests.pickupPointTest.AddPointsForItemsBeforePowerUps
      resultStatus: 0
      duration: 0.2186125
      messages: 'Unhandled log message: ''[Exception] MissingComponentException:
        There is no ''Rigidbody2D'' attached to the "Missing Prefab (Dummy)" game
        object, but a script is trying to access it.

        You probably need to
        add a Rigidbody2D to the game object "Missing Prefab (Dummy)". Or your script
        needs to check if the component is attached before using it.''. Use UnityEngine.TestTools.LogAssert.Expect'
      output: 'There are no audio listeners in the scene. Please ensure there is
        always one audio listener in the scene

        MissingComponentException:
        There is no ''Rigidbody2D'' attached to the "Missing Prefab (Dummy)" game
        object, but a script is trying to access it.

        You probably need to
        add a Rigidbody2D to the game object "Missing Prefab (Dummy)". Or your script
        needs to check if the component is attached before using it.

'
      stacktrace: 'UnityEngine.Rigidbody2D.get_velocity () (at <f4648b3144df498a90da4ede637bd05b>:0)

        Character_Movement.Update
        () (at <ff4f8596460745d490a2de5848bba9eb>:0)


'
      notRunnable: 0
      ignoredOrSkipped: 0
      description: 
      isSuite: 0
      categories:
      - Uncategorized
      parentId: 1025
      parentUniqueId: Tests.dll/Tests/[Tests][Tests.pickupPointTest][suite]
    - id: 1029
      uniqueId: Tests.dll/Tests/pickupPointTest/[Tests][Tests.pickupPointTest.AddPointsForPowerupsBeforeItems]
      name: AddPointsForPowerupsBeforeItems
      fullName: Tests.pickupPointTest.AddPointsForPowerupsBeforeItems
      resultStatus: 0
      duration: 0.0250403
      messages: 'Unhandled log message: ''[Exception] MissingComponentException:
        There is no ''Rigidbody2D'' attached to the "Missing Prefab (Dummy)" game
        object, but a script is trying to access it.

        You probably need to
        add a Rigidbody2D to the game object "Missing Prefab (Dummy)". Or your script
        needs to check if the component is attached before using it.''. Use UnityEngine.TestTools.LogAssert.Expect'
      output: 'There are no audio listeners in the scene. Please ensure there is
        always one audio listener in the scene

        MissingComponentException:
        There is no ''Rigidbody2D'' attached to the "Missing Prefab (Dummy)" game
        object, but a script is trying to access it.

        You probably need to
        add a Rigidbody2D to the game object "Missing Prefab (Dummy)". Or your script
        needs to check if the component is attached before using it.

'
      stacktrace: 'UnityEngine.Rigidbody2D.get_velocity () (at <f4648b3144df498a90da4ede637bd05b>:0)

        Character_Movement.Update
        () (at <ff4f8596460745d490a2de5848bba9eb>:0)


'
      notRunnable: 0
      ignoredOrSkipped: 0
      description: 
      isSuite: 0
      categories:
      - Uncategorized
      parentId: 1025
      parentUniqueId: Tests.dll/Tests/[Tests][Tests.pickupPointTest][suite]
    - id: 1025
      uniqueId: Tests.dll/Tests/pickupPointTest/[Tests][Tests.pickupPointTest.PickUpItemAddsPointsToScore]
      name: PickUpItemAddsPointsToScore
      fullName: Tests.pickupPointTest.PickUpItemAddsPointsToScore
      resultStatus: 0
      duration: 0.0104483
      messages: 'Unhandled log message: ''[Exception] MissingComponentException:
        There is no ''Rigidbody2D'' attached to the "Missing Prefab (Dummy)" game
        object, but a script is trying to access it.

        You probably need to
        add a Rigidbody2D to the game object "Missing Prefab (Dummy)". Or your script
        needs to check if the component is attached before using it.''. Use UnityEngine.TestTools.LogAssert.Expect'
      output: 'MissingComponentException: There is no ''Rigidbody2D'' attached to
        the "Missing Prefab (Dummy)" game object, but a script is trying to access
        it.

        You probably need to add a Rigidbody2D to the game object "Missing
        Prefab (Dummy)". Or your script needs to check if the component is attached
        before using it.

'
      stacktrace: 'UnityEngine.Rigidbody2D.get_velocity () (at <f4648b3144df498a90da4ede637bd05b>:0)

        Character_Movement.Update
        () (at <ff4f8596460745d490a2de5848bba9eb>:0)


'
      notRunnable: 0
      ignoredOrSkipped: 0
      description: 
      isSuite: 0
      categories:
      - Uncategorized
      parentId: 1024
      parentUniqueId: Tests.dll/Tests/[Tests][Tests.pickupPointTest][suite]
    - id: 1027
      uniqueId: Tests.dll/Tests/pickupPointTest/[Tests][Tests.pickupPointTest.PickUpPowerUpsAddsPointsToScore]
      name: PickUpPowerUpsAddsPointsToScore
      fullName: Tests.pickupPointTest.PickUpPowerUpsAddsPointsToScore
      resultStatus: 0
      duration: 0.0103573
      messages: 'Unhandled log message: ''[Exception] MissingComponentException:
        There is no ''Rigidbody2D'' attached to the "Missing Prefab (Dummy)" game
        object, but a script is trying to access it.

        You probably need to
        add a Rigidbody2D to the game object "Missing Prefab (Dummy)". Or your script
        needs to check if the component is attached before using it.''. Use UnityEngine.TestTools.LogAssert.Expect'
      output: 'MissingComponentException: There is no ''Rigidbody2D'' attached to
        the "Missing Prefab (Dummy)" game object, but a script is trying to access
        it.

        You probably need to add a Rigidbody2D to the game object "Missing
        Prefab (Dummy)". Or your script needs to check if the component is attached
        before using it.

'
      stacktrace: 'UnityEngine.Rigidbody2D.get_velocity () (at <f4648b3144df498a90da4ede637bd05b>:0)

        Character_Movement.Update
        () (at <ff4f8596460745d490a2de5848bba9eb>:0)


'
      notRunnable: 0
      ignoredOrSkipped: 0
      description: 
      isSuite: 0
      categories:
      - Uncategorized
      parentId: 1025
      parentUniqueId: Tests.dll/Tests/[Tests][Tests.pickupPointTest][suite]
    - id: 1028
      uniqueId: Tests.dll/Tests/[Tests][Tests.pickUpsStressTest][suite]
      name: pickUpsStressTest
      fullName: Tests.pickUpsStressTest
      resultStatus: 0
      duration: 0.2486533
      messages: One or more child tests had errors
      output: 'MissingComponentException: There is no ''Rigidbody2D'' attached to
        the "Missing Prefab (Dummy)" game object, but a script is trying to access
        it.

        You probably need to add a Rigidbody2D to the game object "Missing
        Prefab (Dummy)". Or your script needs to check if the component is attached
        before using it.

'
      stacktrace: 
      notRunnable: 0
      ignoredOrSkipped: 0
      description: 
      isSuite: 1
      categories: []
      parentId: 1036
      parentUniqueId: Tests.dll/[Tests][suite]
    - id: 1029
      uniqueId: Tests.dll/Tests/pickUpsStressTest/[Tests][Tests.pickUpsStressTest.stressSpawnDiamonds]
      name: stressSpawnDiamonds
      fullName: Tests.pickUpsStressTest.stressSpawnDiamonds
      resultStatus: 0
      duration: 0.2388833
      messages: 'Unhandled log message: ''[Exception] MissingComponentException:
        There is no ''Rigidbody2D'' attached to the "Missing Prefab (Dummy)" game
        object, but a script is trying to access it.

        You probably need to
        add a Rigidbody2D to the game object "Missing Prefab (Dummy)". Or your script
        needs to check if the component is attached before using it.''. Use UnityEngine.TestTools.LogAssert.Expect'
      output: 'There are no audio listeners in the scene. Please ensure there is
        always one audio listener in the scene

        There are no audio listeners
        in the scene. Please ensure there is always one audio listener in the scene

        There
        are no audio listeners in the scene. Please ensure there is always one audio
        listener in the scene

        There are no audio listeners in the scene.
        Please ensure there is always one audio listener in the scene

        There
        are no audio listeners in the scene. Please ensure there is always one audio
        listener in the scene

        There are no audio listeners in the scene.
        Please ensure there is always one audio listener in the scene

        There
        are no audio listeners in the scene. Please ensure there is always one audio
        listener in the scene

        There are no audio listeners in the scene.
        Please ensure there is always one audio listener in the scene

        MissingComponentException:
        There is no ''Rigidbody2D'' attached to the "Missing Prefab (Dummy)" game
        object, but a script is trying to access it.

        You probably need to
        add a Rigidbody2D to the game object "Missing Prefab (Dummy)". Or your script
        needs to check if the component is attached before using it.

'
      stacktrace: 'UnityEngine.Rigidbody2D.get_velocity () (at <f4648b3144df498a90da4ede637bd05b>:0)

        Character_Movement.Update
        () (at <ff4f8596460745d490a2de5848bba9eb>:0)


'
      notRunnable: 0
      ignoredOrSkipped: 0
      description: 
      isSuite: 0
      categories:
      - Uncategorized
      parentId: 1028
      parentUniqueId: Tests.dll/Tests/[Tests][Tests.pickUpsStressTest][suite]
    - id: 1022
      uniqueId: Tests.dll/Tests/[Tests][Tests.PlatformMovementTest][suite]
      name: PlatformMovementTest
      fullName: Tests.PlatformMovementTest
      resultStatus: 0
      duration: 0.2562437
      messages: One or more child tests had errors
      output: 'There are no audio listeners in the scene. Please ensure there is
        always one audio listener in the scene

        MissingComponentException:
        There is no ''Rigidbody2D'' attached to the "Missing Prefab (Dummy)" game
        object, but a script is trying to access it.

        You probably need to
        add a Rigidbody2D to the game object "Missing Prefab (Dummy)". Or your script
        needs to check if the component is attached before using it.

'
      stacktrace: 
      notRunnable: 0
      ignoredOrSkipped: 0
      description: 
      isSuite: 1
      categories: []
      parentId: 1030
      parentUniqueId: Tests.dll/[Tests][suite]
    - id: 1023
      uniqueId: Tests.dll/Tests/PlatformMovementTest/[Tests][Tests.PlatformMovementTest.MovingPlatformSpeed]
      name: MovingPlatformSpeed
      fullName: Tests.PlatformMovementTest.MovingPlatformSpeed
      resultStatus: 0
      duration: 0.2300805
      messages: 'Unhandled log message: ''[Exception] MissingComponentException:
        There is no ''Rigidbody2D'' attached to the "Missing Prefab (Dummy)" game
        object, but a script is trying to access it.

        You probably need to
        add a Rigidbody2D to the game object "Missing Prefab (Dummy)". Or your script
        needs to check if the component is attached before using it.''. Use UnityEngine.TestTools.LogAssert.Expect'
      output: 'There are no audio listeners in the scene. Please ensure there is
        always one audio listener in the scene

        MissingComponentException:
        There is no ''Rigidbody2D'' attached to the "Missing Prefab (Dummy)" game
        object, but a script is trying to access it.

        You probably need to
        add a Rigidbody2D to the game object "Missing Prefab (Dummy)". Or your script
        needs to check if the component is attached before using it.

'
      stacktrace: 'UnityEngine.Rigidbody2D.get_velocity () (at <f4648b3144df498a90da4ede637bd05b>:0)

        Character_Movement.Update
        () (at <ff4f8596460745d490a2de5848bba9eb>:0)


'
      notRunnable: 0
      ignoredOrSkipped: 0
      description: 
      isSuite: 0
      categories:
      - Uncategorized
      parentId: 1022
      parentUniqueId: Tests.dll/Tests/[Tests][Tests.PlatformMovementTest][suite]
    - id: 1012
      uniqueId: Tests.dll/Tests/[Tests][Tests.SquareTest][suite]
      name: SquareTest
      fullName: Tests.SquareTest
      resultStatus: 2
      duration: 0.3613538
      messages: One or more child tests had errors
      output: 
      stacktrace: 
      notRunnable: 0
      ignoredOrSkipped: 0
      description: 
      isSuite: 1
      categories: []
      parentId: 1039
      parentUniqueId: Tests.dll/[Tests][suite]
    - id: 1014
      uniqueId: Tests.dll/Tests/SquareTest/[Tests][Tests.SquareTest.SquareTestBoundary1]
      name: SquareTestBoundary1
      fullName: Tests.SquareTest.SquareTestBoundary1
      resultStatus: 0
      duration: 0
      messages: 
      output: 
      stacktrace: 
      notRunnable: 0
      ignoredOrSkipped: 0
      description: 
      isSuite: 0
      categories:
      - Uncategorized
      parentId: 1012
      parentUniqueId: Tests.dll/Tests/[Tests][Tests.SquareTest][suite]
    - id: 1015
      uniqueId: Tests.dll/Tests/SquareTest/[Tests][Tests.SquareTest.SquareTestBoundary2]
      name: SquareTestBoundary2
      fullName: Tests.SquareTest.SquareTestBoundary2
      resultStatus: 0
      duration: 0
      messages: 
      output: 
      stacktrace: 
      notRunnable: 0
      ignoredOrSkipped: 0
      description: 
      isSuite: 0
      categories:
      - Uncategorized
      parentId: 1012
      parentUniqueId: Tests.dll/Tests/[Tests][Tests.SquareTest][suite]
    - id: 1013
      uniqueId: Tests.dll/Tests/SquareTest/[Tests][Tests.SquareTest.SquareTestInitialCondition]
      name: SquareTestInitialCondition
      fullName: Tests.SquareTest.SquareTestInitialCondition
      resultStatus: 0
      duration: 0
      messages: 
      output: 
      stacktrace: 
      notRunnable: 0
      ignoredOrSkipped: 0
      description: 
      isSuite: 0
      categories:
      - Uncategorized
      parentId: 1012
      parentUniqueId: Tests.dll/Tests/[Tests][Tests.SquareTest][suite]
    - id: 1016
      uniqueId: Tests.dll/Tests/SquareTest/[Tests][Tests.SquareTest.SquareTestStress]
      name: SquareTestStress
      fullName: Tests.SquareTest.SquareTestStress
      resultStatus: 2
      duration: 0.327661
      messages: 'Unhandled log message: ''[Exception] MissingComponentException:
        There is no ''Rigidbody2D'' attached to the "Missing Prefab (Dummy)" game
        object, but a script is trying to access it.

        You probably need to
        add a Rigidbody2D to the game object "Missing Prefab (Dummy)". Or your script
        needs to check if the component is attached before using it.''. Use UnityEngine.TestTools.LogAssert.Expect'
      output: 'MissingComponentException: There is no ''Rigidbody2D'' attached to
        the "Missing Prefab (Dummy)" game object, but a script is trying to access
        it.

        You probably need to add a Rigidbody2D to the game object "Missing
        Prefab (Dummy)". Or your script needs to check if the component is attached
        before using it.

'
      stacktrace: 'UnityEngine.Rigidbody2D.get_velocity () (at <f4648b3144df498a90da4ede637bd05b>:0)

        Character_Movement.Update
        () (at <e80a4f071f714d89bdfa472411b76540>:0)


'
      notRunnable: 0
      ignoredOrSkipped: 0
      description: 
      isSuite: 0
      categories:
      - Uncategorized
      parentId: 1012
      parentUniqueId: Tests.dll/Tests/[Tests][Tests.SquareTest][suite]
    - id: 1001
      uniqueId: Tests.dll/Tests/[Tests][Tests.UITest][suite]
      name: UITest
      fullName: Tests.UITest
      resultStatus: 0
      duration: 0.3293716
      messages: One or more child tests had errors
      output: 'MissingComponentException: There is no ''Rigidbody2D'' attached to
        the "Missing Prefab (Dummy)" game object, but a script is trying to access
        it.

        You probably need to add a Rigidbody2D to the game object "Missing
        Prefab (Dummy)". Or your script needs to check if the component is attached
        before using it.

'
      stacktrace: 
      notRunnable: 0
      ignoredOrSkipped: 0
      description: 
      isSuite: 1
      categories: []
      parentId: 1030
      parentUniqueId: Tests.dll/[Tests][suite]
    - id: 1002
      uniqueId: Tests.dll/Tests/UITest/[Tests][Tests.UITest.PauseFunctionTest]
      name: PauseFunctionTest
      fullName: Tests.UITest.PauseFunctionTest
      resultStatus: 0
      duration: 0.2411009
      messages: 'Unhandled log message: ''[Exception] MissingComponentException:
        There is no ''Rigidbody2D'' attached to the "Missing Prefab (Dummy)" game
        object, but a script is trying to access it.

        You probably need to
        add a Rigidbody2D to the game object "Missing Prefab (Dummy)". Or your script
        needs to check if the component is attached before using it.''. Use UnityEngine.TestTools.LogAssert.Expect'
      output: 'There are no audio listeners in the scene. Please ensure there is
        always one audio listener in the scene

        There are no audio listeners
        in the scene. Please ensure there is always one audio listener in the scene

        There
        are no audio listeners in the scene. Please ensure there is always one audio
        listener in the scene

        There are no audio listeners in the scene.
        Please ensure there is always one audio listener in the scene

        There
        are no audio listeners in the scene. Please ensure there is always one audio
        listener in the scene

        There are no audio listeners in the scene.
        Please ensure there is always one audio listener in the scene

        There
        are no audio listeners in the scene. Please ensure there is always one audio
        listener in the scene

        There are no audio listeners in the scene.
        Please ensure there is always one audio listener in the scene

        MissingComponentException:
        There is no ''Rigidbody2D'' attached to the "Missing Prefab (Dummy)" game
        object, but a script is trying to access it.

        You probably need to
        add a Rigidbody2D to the game object "Missing Prefab (Dummy)". Or your script
        needs to check if the component is attached before using it.

'
      stacktrace: 'UnityEngine.Rigidbody2D.get_velocity () (at <f4648b3144df498a90da4ede637bd05b>:0)

        Character_Movement.Update
        () (at <ff4f8596460745d490a2de5848bba9eb>:0)


'
      notRunnable: 0
      ignoredOrSkipped: 0
      description: 
      isSuite: 0
      categories:
      - Uncategorized
      parentId: 1001
      parentUniqueId: Tests.dll/Tests/[Tests][Tests.UITest][suite]
    - id: 1003
      uniqueId: Tests.dll/Tests/UITest/[Tests][Tests.UITest.ScoreTest]
      name: ScoreTest
      fullName: Tests.UITest.ScoreTest
      resultStatus: 0
      duration: 0.0415369
      messages: 'Unhandled log message: ''[Exception] MissingComponentException:
        There is no ''Rigidbody2D'' attached to the "Missing Prefab (Dummy)" game
        object, but a script is trying to access it.

        You probably need to
        add a Rigidbody2D to the game object "Missing Prefab (Dummy)". Or your script
        needs to check if the component is attached before using it.''. Use UnityEngine.TestTools.LogAssert.Expect'
      output: 'There are no audio listeners in the scene. Please ensure there is
        always one audio listener in the scene

        MissingComponentException:
        There is no ''Rigidbody2D'' attached to the "Missing Prefab (Dummy)" game
        object, but a script is trying to access it.

        You probably need to
        add a Rigidbody2D to the game object "Missing Prefab (Dummy)". Or your script
        needs to check if the component is attached before using it.

'
      stacktrace: 'UnityEngine.Rigidbody2D.get_velocity () (at <f4648b3144df498a90da4ede637bd05b>:0)

        Character_Movement.Update
        () (at <ff4f8596460745d490a2de5848bba9eb>:0)


'
      notRunnable: 0
      ignoredOrSkipped: 0
      description: 
      isSuite: 0
      categories:
      - Uncategorized
      parentId: 1001
      parentUniqueId: Tests.dll/Tests/[Tests][Tests.UITest][suite]
    - id: 1005
      uniqueId: Tests.dll/Tests/UITest/[Tests][Tests.UITest.SoundStressTest]
      name: SoundStressTest
      fullName: Tests.UITest.SoundStressTest
      resultStatus: 0
      duration: 0.0108451
      messages: 'Unhandled log message: ''[Exception] MissingComponentException:
        There is no ''Rigidbody2D'' attached to the "Missing Prefab (Dummy)" game
        object, but a script is trying to access it.

        You probably need to
        add a Rigidbody2D to the game object "Missing Prefab (Dummy)". Or your script
        needs to check if the component is attached before using it.''. Use UnityEngine.TestTools.LogAssert.Expect'
      output: 'MissingComponentException: There is no ''Rigidbody2D'' attached to
        the "Missing Prefab (Dummy)" game object, but a script is trying to access
        it.

        You probably need to add a Rigidbody2D to the game object "Missing
        Prefab (Dummy)". Or your script needs to check if the component is attached
        before using it.

'
      stacktrace: 'UnityEngine.Rigidbody2D.get_velocity () (at <f4648b3144df498a90da4ede637bd05b>:0)

        Character_Movement.Update
        () (at <ff4f8596460745d490a2de5848bba9eb>:0)


'
      notRunnable: 0
      ignoredOrSkipped: 0
      description: 
      isSuite: 0
      categories:
      - Uncategorized
      parentId: 1001
      parentUniqueId: Tests.dll/Tests/[Tests][Tests.UITest][suite]
    - id: 1006
      uniqueId: Tests.dll/Tests/UITest/[Tests][Tests.UITest.UIStressTest]
      name: UIStressTest
      fullName: Tests.UITest.UIStressTest
      resultStatus: 0
      duration: 0.0137695
      messages: 'Unhandled log message: ''[Exception] MissingComponentException:
        There is no ''Rigidbody2D'' attached to the "Missing Prefab (Dummy)" game
        object, but a script is trying to access it.

        You probably need to
        add a Rigidbody2D to the game object "Missing Prefab (Dummy)". Or your script
        needs to check if the component is attached before using it.''. Use UnityEngine.TestTools.LogAssert.Expect'
      output: 'MissingComponentException: There is no ''Rigidbody2D'' attached to
        the "Missing Prefab (Dummy)" game object, but a script is trying to access
        it.

        You probably need to add a Rigidbody2D to the game object "Missing
        Prefab (Dummy)". Or your script needs to check if the component is attached
        before using it.

'
      stacktrace: 'UnityEngine.Rigidbody2D.get_velocity () (at <f4648b3144df498a90da4ede637bd05b>:0)

        Character_Movement.Update
        () (at <ff4f8596460745d490a2de5848bba9eb>:0)


'
      notRunnable: 0
      ignoredOrSkipped: 0
      description: 
      isSuite: 0
      categories:
      - Uncategorized
      parentId: 1001
      parentUniqueId: Tests.dll/Tests/[Tests][Tests.UITest][suite]
    - id: 1004
      uniqueId: Tests.dll/Tests/UITest/[Tests][Tests.UITest.VolumeTest]
      name: VolumeTest
      fullName: Tests.UITest.VolumeTest
      resultStatus: 0
      duration: 0.0092061
      messages: 'Unhandled log message: ''[Exception] MissingComponentException:
        There is no ''Rigidbody2D'' attached to the "Missing Prefab (Dummy)" game
        object, but a script is trying to access it.

        You probably need to
        add a Rigidbody2D to the game object "Missing Prefab (Dummy)". Or your script
        needs to check if the component is attached before using it.''. Use UnityEngine.TestTools.LogAssert.Expect'
      output: 'MissingComponentException: There is no ''Rigidbody2D'' attached to
        the "Missing Prefab (Dummy)" game object, but a script is trying to access
        it.

        You probably need to add a Rigidbody2D to the game object "Missing
        Prefab (Dummy)". Or your script needs to check if the component is attached
        before using it.

'
      stacktrace: 'UnityEngine.Rigidbody2D.get_velocity () (at <f4648b3144df498a90da4ede637bd05b>:0)

        Character_Movement.Update
        () (at <ff4f8596460745d490a2de5848bba9eb>:0)


'
      notRunnable: 0
      ignoredOrSkipped: 0
      description: 
      isSuite: 0
      categories:
      - Uncategorized
      parentId: 1001
      parentUniqueId: Tests.dll/Tests/[Tests][Tests.UITest][suite]
    m_ResultText: "MovingPlatformNumberStressTest (31.451s)\n---\nExpected: 1024\r\n 
      But was:  344\n---\nat Tests.MovingPlatformStressTest+<MovingPlatformNumberStressTest>d__3.MoveNext
      () [0x0025c] in C:\\Users\\Justin\\Desktop\\NewClone\\SuperVandalWorld\\SuperVandalWorld\\Assets\\tst\\Justin\\MovingPlatformStressTest.cs:97\r\nat
      UnityEngine.TestTools.TestEnumerator+<Execute>d__5.MoveNext () [0x00038] in
      C:\\Users\\Justin\\Desktop\\NewClone\\SuperVandalWorld\\SuperVandalWorld\\Library\\PackageCache\\com.unity.test-framework@1.1.16\\UnityEngine.TestRunner\\NUnitExtensions\\Attributes\\TestEnumerator.cs:31\n---\nFailed
      at 344 Moving Rock Platforms\r\nCurrent FPS = 26.27776"
    m_ResultStacktrace: 'at Tests.MovingPlatformStressTest+<MovingPlatformNumberStressTest>d__3.MoveNext
      () [0x0025c] in C:\Users\Justin\Desktop\NewClone\SuperVandalWorld\SuperVandalWorld\Assets\tst\Justin\MovingPlatformStressTest.cs:97

      at
      UnityEngine.TestTools.TestEnumerator+<Execute>d__5.MoveNext () [0x00038] in
      C:\Users\Justin\Desktop\NewClone\SuperVandalWorld\SuperVandalWorld\Library\PackageCache\com.unity.test-framework@1.1.16\UnityEngine.TestRunner\NUnitExtensions\Attributes\TestEnumerator.cs:31

'
    m_TestListState:
      scrollPos: {x: 0, y: 0}
      m_SelectedIDs: b3525cde
      m_LastClickedID: -564374861
      m_ExpandedIDs: c337b2b420712cd05dfc4bdfe557abf795fbf000e1b063178302573d8359db41ffffff7f
      m_RenameOverlay:
        m_UserAcceptedRename: 0
        m_Name: 
        m_OriginalName: 
        m_EditFieldRect:
          serializedVersion: 2
          x: 0
          y: 0
          width: 0
          height: 0
        m_UserData: 0
        m_IsWaitingForDelay: 0
        m_IsRenaming: 0
        m_OriginalEventType: 11
        m_IsRenamingFilename: 0
        m_ClientGUIView: {fileID: 0}
      m_SearchString: 
    m_TestRunnerUIFilter:
      PassedHidden: 0
      FailedHidden: 0
      NotRunHidden: 0
      m_SearchString: 
      selectedCategoryMask: 0
      availableCategories:
      - Uncategorized
  m_EditModeTestListGUI:
    m_Window: {fileID: 20}
    newResultList:
    - id: 1000
      uniqueId: '[SuperVandalWorld][suite]'
      name: SuperVandalWorld
      fullName: SuperVandalWorld
      resultStatus: 0
      duration: 0
      messages: 
      output: 
      stacktrace: 
      notRunnable: 0
      ignoredOrSkipped: 0
      description: 
      isSuite: 1
      categories: []
      parentId: 
      parentUniqueId: 
    m_ResultText: 
    m_ResultStacktrace: 
    m_TestListState:
      scrollPos: {x: 0, y: 0}
      m_SelectedIDs: 
      m_LastClickedID: 0
      m_ExpandedIDs: 5dfc4bdfffffff7f
      m_RenameOverlay:
        m_UserAcceptedRename: 0
        m_Name: 
        m_OriginalName: 
        m_EditFieldRect:
          serializedVersion: 2
          x: 0
          y: 0
          width: 0
          height: 0
        m_UserData: 0
        m_IsWaitingForDelay: 0
        m_IsRenaming: 0
        m_OriginalEventType: 11
        m_IsRenamingFilename: 0
        m_ClientGUIView: {fileID: 0}
      m_SearchString: 
    m_TestRunnerUIFilter:
      PassedHidden: 0
      FailedHidden: 0
      NotRunHidden: 0
      m_SearchString: 
      selectedCategoryMask: 0
      availableCategories:
      - Uncategorized
--- !u!114 &21
MonoBehaviour:
  m_ObjectHideFlags: 52
  m_CorrespondingSourceObject: {fileID: 0}
  m_PrefabInstance: {fileID: 0}
  m_PrefabAsset: {fileID: 0}
  m_GameObject: {fileID: 0}
  m_Enabled: 1
  m_EditorHideFlags: 0
  m_Script: {fileID: 12071, guid: 0000000000000000e000000000000000, type: 0}
  m_Name: 
  m_EditorClassIdentifier: 
  m_MinSize: {x: 100, y: 100}
  m_MaxSize: {x: 4000, y: 4000}
  m_TitleContent:
    m_Text: Animation
    m_Image: {fileID: -8166618308981325432, guid: 0000000000000000d000000000000000, type: 0}
    m_Tooltip: 
  m_Pos:
    serializedVersion: 2
    x: 1140
    y: 890
    width: 865
    height: 469
  m_ViewDataDictionary: {fileID: 0}
  m_LockTracker:
    m_IsLocked: 0
  m_LastSelectedObjectID: -27244
--- !u!114 &22
MonoBehaviour:
  m_ObjectHideFlags: 52
  m_CorrespondingSourceObject: {fileID: 0}
  m_PrefabInstance: {fileID: 0}
  m_PrefabAsset: {fileID: 0}
  m_GameObject: {fileID: 0}
  m_Enabled: 1
  m_EditorHideFlags: 0
  m_Script: {fileID: 11500000, guid: 3f683d99f24875748a6656966ca9cea0, type: 3}
  m_Name: 
  m_EditorClassIdentifier: 
  m_MinSize: {x: 240, y: 200}
  m_MaxSize: {x: 4000, y: 4000}
  m_TitleContent:
    m_Text: Tile Palette
    m_Image: {fileID: 0}
    m_Tooltip: 
  m_Pos:
    serializedVersion: 2
    x: 2007
    y: 73
    width: 552
    height: 1286
  m_ViewDataDictionary: {fileID: 0}
  m_PreviewResizer:
    m_CachedPref: 50
    m_ControlHash: 1964396721
    m_PrefName: Preview_TilemapBrushInspector
  m_Palette: {fileID: 4914733372615852719, guid: 4c595496acd2b1c428f07881f8e955c2, type: 3}
  m_DrawGizmos: 0
--- !u!114 &23
MonoBehaviour:
  m_ObjectHideFlags: 0
  m_CorrespondingSourceObject: {fileID: 0}
  m_PrefabInstance: {fileID: 0}
  m_PrefabAsset: {fileID: 0}
  m_GameObject: {fileID: 0}
  m_Enabled: 1
  m_EditorHideFlags: 0
  m_Script: {fileID: 13963, guid: 0000000000000000e000000000000000, type: 0}
  m_Name: 
  m_EditorClassIdentifier: 
  m_DontSaveToLayout: 0
